<?xml version="1.0" encoding="UTF-8" ?>
<testsuites disabled="0" errors="0" failures="3" tests="10" time="63.455">
 <testsuite name="Server" timestamp="2020-04-20T13:06:57" hostname="localhost" time="40.47" errors="0" tests="0" skipped="0" disabled="0" failures="0">
 </testsuite>
 <testsuite name="Server.Seller login test suite " timestamp="2020-04-20T13:07:15" hostname="localhost" time="2.866" errors="0" tests="1" skipped="0" disabled="0" failures="1">
  <testcase classname="Server.Seller login test suite " name="Seller login test case 1" time="0.005">
   <failure type="toBe" message="Expected 404 to be 200."><![CDATA[Error: Expected 404 to be 200.
    at <Jasmine>
    at UserContext.<anonymous> (C:\Users\LENOVO\Desktop\nodejs\Hoopler\Hoopler\back\back\spec\app.spec.js:94:33)
    at <Jasmine>
    at processImmediate (internal/timers.js:456:21)
    at process.topLevelDomainCallback (domain.js:137:15)]]>
   </failure>
  </testcase>
 </testsuite>
 <testsuite name="Server.Product display on dashboard suite" timestamp="2020-04-20T13:07:18" hostname="localhost" time="2.382" errors="0" tests="1" skipped="0" disabled="0" failures="0">
  <testcase classname="Server.Product display on dashboard suite" name="Product display on dashboard test case 1" time="0.002" />
 </testsuite>
 <testsuite name="Server.login test suite " timestamp="2020-04-20T13:07:20" hostname="localhost" time="2.025" errors="0" tests="1" skipped="0" disabled="0" failures="1">
  <testcase classname="Server.login test suite " name="Status 200" time="0.001">
   <failure type="toBe" message="Expected 404 to be 200."><![CDATA[Error: Expected 404 to be 200.
    at <Jasmine>
    at UserContext.<anonymous> (C:\Users\LENOVO\Desktop\nodejs\Hoopler\Hoopler\back\back\spec\app.spec.js:29:33)
    at <Jasmine>
    at processImmediate (internal/timers.js:456:21)
    at process.topLevelDomainCallback (domain.js:137:15)]]>
   </failure>
  </testcase>
 </testsuite>
 <testsuite name="Server.user register test suite " timestamp="2020-04-20T13:07:22" hostname="localhost" time="2.064" errors="0" tests="1" skipped="0" disabled="0" failures="0">
  <testcase classname="Server.user register test suite " name="user registration" time="0" />
 </testsuite>
 <testsuite name="Server.Search by product name test suite" timestamp="2020-04-20T13:07:24" hostname="localhost" time="2.079" errors="0" tests="1" skipped="0" disabled="0" failures="0">
  <testcase classname="Server.Search by product name test suite" name="Search by product test 1" time="0" />
 </testsuite>
 <testsuite name="Server.seller register test suite " timestamp="2020-04-20T13:07:26" hostname="localhost" time="1.68" errors="0" tests="1" skipped="0" disabled="0" failures="1">
  <testcase classname="Server.seller register test suite " name="seller registration" time="0.003">
   <failure type="toBe" message="Expected 500 to be 200."><![CDATA[Error: Expected 500 to be 200.
    at <Jasmine>
    at UserContext.<anonymous> (C:\Users\LENOVO\Desktop\nodejs\Hoopler\Hoopler\back\back\spec\app.spec.js:175:33)
    at <Jasmine>
    at processImmediate (internal/timers.js:456:21)
    at process.topLevelDomainCallback (domain.js:137:15)]]>
   </failure>
  </testcase>
 </testsuite>
 <testsuite name="Server.Search by product name test suite" timestamp="2020-04-20T13:07:28" hostname="localhost" time="2.099" errors="0" tests="1" skipped="0" disabled="0" failures="0">
  <testcase classname="Server.Search by product name test suite" name="Search by product test 2" time="0.001" />
 </testsuite>
 <testsuite name="Server.Order history test suite" timestamp="2020-04-20T13:07:30" hostname="localhost" time="2.115" errors="0" tests="1" skipped="0" disabled="0" failures="0">
  <testcase classname="Server.Order history test suite" name="order history test 1" time="0.002" />
 </testsuite>
 <testsuite name="Server.Product display in cart test suite" timestamp="2020-04-20T13:07:32" hostname="localhost" time="3.317" errors="0" tests="1" skipped="0" disabled="0" failures="0">
  <testcase classname="Server.Product display in cart test suite" name="product display in cart test 1" time="0.002" />
 </testsuite>
 <testsuite name="Server.Seller product test suite" timestamp="2020-04-20T13:07:35" hostname="localhost" time="2.358" errors="0" tests="1" skipped="0" disabled="0" failures="0">
  <testcase classname="Server.Seller product test suite" name="Seller product test 1" time="0.001" />
 </testsuite>
</testsuites>